[2015.10.31-19.58.22:111][  0]Log file open, 10/31/15 15:58:22
[2015.10.31-19.58.22:111][  0]LogInit:Display: Running engine for game: LaundryDay
[2015.10.31-19.58.22:111][  0]LogInit:Display: RandInit(-1945435644) SRandInit(-1945435644).
[2015.10.31-19.58.22:111][  0]LogTaskGraph: Started task graph with 4 named threads and 7 total threads.
[2015.10.31-19.58.22:111][  0]LogStats: Stats thread started at 0.101501
[2015.10.31-19.58.22:111][  0]LogInit: Version: 4.9.2-2707645+++depot+UE4-Releases+4.9
[2015.10.31-19.58.22:111][  0]LogInit: API Version: 2672455
[2015.10.31-19.58.22:111][  0]LogInit: Compiled (64-bit): Sep 28 2015 10:25:44
[2015.10.31-19.58.22:111][  0]LogInit: Compiled with Visual C++: 18.00.21005.01
[2015.10.31-19.58.22:111][  0]LogInit: Build Configuration: Development
[2015.10.31-19.58.22:111][  0]LogInit: Branch Name: ++depot+UE4-Releases+4.9
[2015.10.31-19.58.22:111][  0]LogInit: Command line: 
[2015.10.31-19.58.22:111][  0]LogInit: Base directory: D:/Program Files/Epic Games/4.9/Engine/Binaries/Win64/
[2015.10.31-19.58.22:111][  0]LogInit: Rocket: 1
[2015.10.31-19.58.22:116][  0]LogInit: Using libcurl 7.41.0
[2015.10.31-19.58.22:116][  0]LogInit:  - built for x86_64-pc-win32
[2015.10.31-19.58.22:116][  0]LogInit:  - supports SSL with WinSSL
[2015.10.31-19.58.22:116][  0]LogInit:  - other features:
[2015.10.31-19.58.22:116][  0]LogInit:      CURL_VERSION_SSL
[2015.10.31-19.58.22:116][  0]LogInit:      CURL_VERSION_IPV6
[2015.10.31-19.58.22:116][  0]LogInit:      CURL_VERSION_ASYNCHDNS
[2015.10.31-19.58.22:116][  0]LogInit:      CURL_VERSION_LARGEFILE
[2015.10.31-19.58.22:116][  0]LogInit:      CURL_VERSION_IDN
[2015.10.31-19.58.22:117][  0]LogInit:  CurlRequestOptions (configurable via config and command line):
[2015.10.31-19.58.22:117][  0]LogInit:  - bVerifyPeer = true  - Libcurl will verify peer certificate
[2015.10.31-19.58.22:117][  0]LogInit:  - bUseHttpProxy = false  - Libcurl will NOT use HTTP proxy
[2015.10.31-19.58.22:117][  0]LogInit:  - bDontReuseConnections = false  - Libcurl will reuse connections
[2015.10.31-19.58.22:117][  0]LogInit:  - CertBundlePath = nullptr  - Libcurl will use whatever was configured at build time.
[2015.10.31-19.58.22:121][  0]LogInit: Presizing for 0 objects not considered by GC, pre-allocating 0 bytes.
[2015.10.31-19.58.22:126][  0]LogInit: Object subsystem initialized
[2015.10.31-19.58.22:127][  0]LogInit: Selected Device Profile: [Windows]
[2015.10.31-19.58.22:127][  0]LogInit: Applying CVar settings loaded from the selected device profile: [Windows]
[2015.10.31-19.58.22:135][  0]LogInit: Computer: GUNDAM-GP01
[2015.10.31-19.58.22:135][  0]LogInit: User: Quadzilla
[2015.10.31-19.58.22:135][  0]LogInit: CPU Page size=4096, Cores=4
[2015.10.31-19.58.22:135][  0]LogInit: High frequency timer resolution =3.320308 MHz
[2015.10.31-19.58.22:136][  0]LogMemory: Memory total: Physical=7.9GB (8GB approx)
[2015.10.31-19.58.22:136][  0]LogMemory: Platform Memory Stats for Windows
[2015.10.31-19.58.22:136][  0]LogMemory: Process Physical Memory: 54.14 MB used, 54.14 MB peak
[2015.10.31-19.58.22:136][  0]LogMemory: Process Virtual Memory: 56.25 MB used, 56.25 MB peak
[2015.10.31-19.58.22:136][  0]LogMemory: Physical Memory: 4543.29 MB used, 8122.38 MB total
[2015.10.31-19.58.22:136][  0]LogMemory: Virtual Memory: 366.14 MB used, 134217728.00 MB total
[2015.10.31-19.58.22:162][  0]LogTextLocalizationManager: No specific translations for ('en-US') exist, so ('en') translations will be used.
[2015.10.31-19.58.22:740][  0]LogD3D11RHI: Found D3D11 adapter 0: NVIDIA GeForce GTX 770 (Feature Level 11_0)
[2015.10.31-19.58.22:741][  0]LogD3D11RHI: Adapter has 1989MB of dedicated video memory, 0MB of dedicated system memory, and 4061MB of shared system memory, 2 output[s]
[2015.10.31-19.58.22:742][  0]LogD3D11RHI: Found D3D11 adapter 1: Microsoft Basic Render Driver (Feature Level 11_0)
[2015.10.31-19.58.22:742][  0]LogD3D11RHI: Adapter has 0MB of dedicated video memory, 0MB of dedicated system memory, and 4061MB of shared system memory, 0 output[s]
[2015.10.31-19.58.22:742][  0]LogD3D11RHI: Chosen D3D11 Adapter Id = 0
[2015.10.31-19.58.22:748][  0]LogD3D11RHI: !Direct3DDevice
[2015.10.31-19.58.22:748][  0]LogRHI: Texture pool is 1361 MB (70% of 1945 MB)
[2015.10.31-19.58.22:756][  0]LogD3D11RHI: Async texture creation enabled
[2015.10.31-19.58.22:772][  0]LogShaderCompilers: Guid format shader working directory is 14 characters bigger than the processId version (C:/Users/Michael/Documents/Unreal Projects/LaundryDay/unreal_files/LaundryDay/Intermediate/Shaders/WorkingDirectory/43476/).
[2015.10.31-19.58.22:772][  0]LogShaderCompilers: Cleaned the shader compiler working directory 'C:/Users/Michael/Documents/Unreal Projects/LaundryDay/unreal_files/LaundryDay/Intermediate/Shaders/tmp/E4BECD05405076F5C9221C9F433B5CEF/'.
[2015.10.31-19.58.22:772][  0]LogShaderCompilers:Display: Using Local Shader Compiler.
[2015.10.31-19.58.23:533][  0]LogTemp:Display: Loaded TP AllDesktopTargetPlatform
[2015.10.31-19.58.23:536][  0]LogTemp:Display: Loaded TP WindowsClientTargetPlatform
[2015.10.31-19.58.23:540][  0]LogTemp:Display: Loaded TP WindowsNoEditorTargetPlatform
[2015.10.31-19.58.23:543][  0]LogTemp:Display: Loaded TP WindowsServerTargetPlatform
[2015.10.31-19.58.23:546][  0]LogTemp:Display: Loaded TP WindowsTargetPlatform
[2015.10.31-19.58.23:549][  0]LogTemp:Display: Loaded TP AndroidTargetPlatform
[2015.10.31-19.58.23:551][  0]LogTemp:Display: Loaded TP Android_ASTCTargetPlatform
[2015.10.31-19.58.23:553][  0]LogTemp:Display: Loaded TP Android_ATCTargetPlatform
[2015.10.31-19.58.23:556][  0]LogTemp:Display: Loaded TP Android_DXTTargetPlatform
[2015.10.31-19.58.23:558][  0]LogTemp:Display: Loaded TP Android_ETC1TargetPlatform
[2015.10.31-19.58.23:561][  0]LogTemp:Display: Loaded TP Android_ETC2TargetPlatform
[2015.10.31-19.58.23:563][  0]LogTemp:Display: Loaded TP Android_PVRTCTargetPlatform
[2015.10.31-19.58.23:563][  0]LogTemp:Display: Loaded TP HTML5TargetPlatform
[2015.10.31-19.58.23:578][  0]LogTemp:Display: Loaded TP IOSTargetPlatform
[2015.10.31-19.58.23:581][  0]LogTemp:Display: Loaded TP LinuxNoEditorTargetPlatform
[2015.10.31-19.58.23:584][  0]LogTemp:Display: Loaded TP LinuxServerTargetPlatform
[2015.10.31-19.58.23:587][  0]LogTemp:Display: Loaded TP LinuxTargetPlatform
[2015.10.31-19.58.23:587][  0]LogTargetPlatformManager:Display: Building Assets For Windows
[2015.10.31-19.58.23:636][  0]LogDerivedDataCache:Display: Max Cache Size: 512 MB
[2015.10.31-19.58.23:669][  0]LogDerivedDataCache: Loaded boot cache 0.03s 41MB C:/Users/Michael/AppData/Local/UnrealEngine/4.9/DerivedDataCache/Boot.ddc.
[2015.10.31-19.58.23:669][  0]LogDerivedDataCache:Display: Loaded Boot cache: C:/Users/Michael/AppData/Local/UnrealEngine/4.9/DerivedDataCache/Boot.ddc
[2015.10.31-19.58.23:669][  0]LogDerivedDataCache: FDerivedDataBackendGraph:  Pak pak cache file C:/Users/Michael/Documents/Unreal Projects/LaundryDay/unreal_files/LaundryDay/DerivedDataCache/DDC.ddp not found, will not use a pak cache.
[2015.10.31-19.58.23:669][  0]LogDerivedDataCache: Unable to find inner node Pak for hierarchical cache Hierarchy.
[2015.10.31-19.58.23:670][  0]LogDerivedDataCache: FDerivedDataBackendGraph:  CompressedPak pak cache file C:/Users/Michael/Documents/Unreal Projects/LaundryDay/unreal_files/LaundryDay/DerivedDataCache/Compressed.ddp not found, will not use a pak cache.
[2015.10.31-19.58.23:670][  0]LogDerivedDataCache: Unable to find inner node CompressedPak for hierarchical cache Hierarchy.
[2015.10.31-19.58.23:779][  0]LogDerivedDataCache:Display: Pak cache opened for reading ../../../Engine/DerivedDataCache/Compressed.ddp.
[2015.10.31-19.58.23:791][  0]LogDerivedDataCache: Using Local data cache path C:/Users/Michael/AppData/Local/UnrealEngine/Common/DerivedDataCache: Writable
[2015.10.31-19.58.23:915][  0]LogInit: Selected Device Profile: [Windows]
[2015.10.31-19.58.23:918][  0]LogContentStreaming: Texture pool size is 0.000000MB
[2015.10.31-19.58.24:010][  0]LogMeshUtilities: No automatic mesh reduction module available
[2015.10.31-19.58.24:010][  0]LogMeshUtilities: No automatic mesh merging module available
[2015.10.31-19.58.24:192][  0]LogInit: WinSock: version 1.1 (2.2), MaxSocks=32767, MaxUdp=65467
[2015.10.31-19.58.24:683][  0]UdpMessaging: Initializing bridge on interface 0.0.0.0:0 to multicast group 230.0.0.1:6666.
[2015.10.31-19.58.24:784][  0]LogAssetRegistry: FAssetRegistry took 0.0105 seconds to start up
[2015.10.31-19.58.24:894][  0]SourceControl: Info Source control is disabled
[2015.10.31-19.58.25:071][  0]LogLinker:Warning: Asset '../../../Engine/Plugins/Runtime/LeapMotionController/Content/LM_PassthroughMaterial.uasset' has been saved with empty engine version. The asset will be loaded but may be incompatible.
[2015.10.31-19.58.25:114][  0]LogObj: 28361 objects as part of root set at end of initial load.
[2015.10.31-19.58.25:114][  0]LogUObjectAllocator: 6038864 out of 0 bytes used by permanent object pool.
[2015.10.31-19.58.25:158][  0]LogEngine: Initializing Engine...
[2015.10.31-19.58.25:160][  0]LogHMD: Can't find Oculus library dev build: is proper Runtime installed? Version: 0.7.0.0
[2015.10.31-19.58.25:160][  0]LogHMD: SteamVR failed to initialize.  Err: 110
[2015.10.31-19.58.25:249][  0]LogAIModule: Creating AISystem for world NewWorld
[2015.10.31-19.58.25:255][  0]LogInit: XAudio2 using 'Speakers (ASUS Xonar DG Audio Device)' : 2 channels at 44.1 kHz using 16 bits per sample (channel mask 0x3)
[2015.10.31-19.58.25:265][  0]LogInit: FAudioDevice initialized.
[2015.10.31-19.58.25:283][  0]LogDerivedDataCache: Saved boot cache 0.02s 41MB C:/Users/Michael/AppData/Local/UnrealEngine/4.9/DerivedDataCache/Boot.ddc.
[2015.10.31-19.58.25:287][  0]LogInit: Texture streaming: Enabled
[2015.10.31-19.58.25:290][  0]LogAnalytics: Creating configured Analytics provider AnalyticsET
[2015.10.31-19.58.25:290][  0]LogAnalytics: [UEEditor.Rocket.Release] APIServer = http://et2.epicgames.com/ET2/. AppVersion = 4.9.2-2707645+++depot+UE4-Releases+4.9
[2015.10.31-19.58.25:290][  0]LogAnalytics: [UEEditor.Rocket.Release] SetUserId 2b4b0e4148996b2bb36318be191b156a|43381b466feb45c5927432e6a7e4c8b2|c1a65ec3-9a42-4741-8eb2-74e73b3c04bb
[2015.10.31-19.58.25:290][  0]LogAnalytics: [UEEditor.Rocket.Release] AnalyticsET::StartSession
[2015.10.31-19.58.25:322][  0]LogInit: Transaction tracking system initialized
[2015.10.31-19.58.25:337][  0]BlueprintLog: New page: Editor Load
[2015.10.31-19.58.25:383][  0]LocalizationService: Info Localization service is disabled
[2015.10.31-19.58.25:432][  0]LogConsoleResponse:Display: 
[2015.10.31-19.58.25:542][  0]LogFileCache: Scanning file cache for directory 'C:/Users/Michael/Documents/Unreal Projects/LaundryDay/unreal_files/LaundryDay/Content/' took 0.01s
[2015.10.31-19.58.25:543][  0]LogCook:Display: Done creating registry. It took  0.00s.
[2015.10.31-19.58.25:599][  0]Cmd: MAP LOAD FILE="../../../Engine/Content/Maps/Templates/Template_Default.umap" TEMPLATE=1 SHOWPROGRESS=1 FEATURELEVEL=3
[2015.10.31-19.58.25:599][  0]LightingResults: New page: Lighting Build
[2015.10.31-19.58.25:601][  0]MapCheck: New page: Map Check
[2015.10.31-19.58.25:601][  0]LightingResults: New page: Lighting Build
[2015.10.31-19.58.25:609][  0]LogParticles: Destroying 0 GPU particle simulations for FXSystem 0x0000001444C8E160
[2015.10.31-19.58.25:787][  0]LogAIModule: Creating AISystem for world Untitled_1
[2015.10.31-19.58.25:791][  0]LogEditorServer: Finished looking for orphan Actors (0.000 secs)
[2015.10.31-19.58.25:794][  0]Cmd: MAP CHECKDEP NOCLEARLOG
[2015.10.31-19.58.25:827][  0]MapCheck: Info Map check complete: 0 Error(s), 0 Warning(s), took 32.647ms to complete.
[2015.10.31-19.58.25:827][  0]LogFileHelpers: Loading map 'Template_Default' took 0.228
[2015.10.31-19.58.26:316][  0]LogCollectionManager: Loaded 0 collections in 0.001099 seconds
[2015.10.31-19.58.26:363][  0]LogFileCache: Scanning file cache for directory 'C:/Users/Michael/Documents/Unreal Projects/LaundryDay/unreal_files/LaundryDay/Saved/Collections/' took 0.01s
[2015.10.31-19.58.26:363][  0]LogFileCache: Scanning file cache for directory 'C:/Users/Michael/Documents/Unreal Projects/LaundryDay/unreal_files/LaundryDay/Content/Developers/Quadzilla/Collections/' took 0.01s
[2015.10.31-19.58.26:363][  0]LogFileCache: Scanning file cache for directory 'C:/Users/Michael/Documents/Unreal Projects/LaundryDay/unreal_files/LaundryDay/Content/Collections/' took 0.01s
[2015.10.31-19.58.26:363][  0]LogContentBrowser: Native class hierarchy populated in 0.0064 seconds. Added 1867 classes and 333 folders.
[2015.10.31-19.58.26:412][  0]LogCollectionManager: Rebuilt the GUID cache for 0 collections in 0.000002 seconds
[2015.10.31-19.58.26:574][  0]LogContentBrowser: Native class hierarchy updated for 'WidgetCarousel' in 0.0003 seconds. Added 0 classes and 0 folders.
[2015.10.31-19.58.27:805][  0]LogContentBrowser: Native class hierarchy updated for 'AddContentDialog' in 0.0007 seconds. Added 0 classes and 0 folders.
[2015.10.31-19.58.27:999][  0]LogContentBrowser: Native class hierarchy updated for 'SceneOutliner' in 0.0007 seconds. Added 1 classes and 2 folders.
[2015.10.31-19.58.31:311][  0]LogCrashTracker: Crashtracker disabled due to settings.
[2015.10.31-19.58.31:643][  0]LogUObjectGlobals:Warning: Failed to find object 'Class None.'
[2015.10.31-19.58.31:690][  0]LogLoad: Full Startup: 10.05 seconds (BP compile: 0.03 seconds)
[2015.10.31-19.58.32:177][  0]SourceControl: Info On branch master
[2015.10.31-19.58.32:177][  0]SourceControl: Info Your branch is up-to-date with 'origin/master'.
[2015.10.31-19.58.32:177][  0]SourceControl: Info Changes not staged for commit:
[2015.10.31-19.58.32:177][  0]SourceControl: Info   (use "git add <file>..." to update what will be committed)
[2015.10.31-19.58.32:177][  0]SourceControl: Info   (use "git checkout -- <file>..." to discard changes in working directory)
[2015.10.31-19.58.32:177][  0]SourceControl: Info 	modified:   unreal_files/LaundryDay/Intermediate/CachedAssetRegistry.bin
[2015.10.31-19.58.32:177][  0]SourceControl: Info 	modified:   unreal_files/LaundryDay/Saved/AutoScreenshot.png
[2015.10.31-19.58.32:177][  0]SourceControl: Info 	modified:   unreal_files/LaundryDay/Saved/Autosaves/PackageRestoreData.json
[2015.10.31-19.58.32:178][  0]SourceControl: Info 	modified:   unreal_files/LaundryDay/Saved/Config/Windows/Editor.ini
[2015.10.31-19.58.32:178][  0]SourceControl: Info 	modified:   unreal_files/LaundryDay/Saved/Config/Windows/EditorPerProjectUserSettings.ini
[2015.10.31-19.58.32:178][  0]SourceControl: Info 	modified:   unreal_files/LaundryDay/Saved/Logs/LaundryDay.log
[2015.10.31-19.58.32:178][  0]SourceControl: Info Untracked files:
[2015.10.31-19.58.32:178][  0]SourceControl: Info   (use "git add <file>..." to include in what will be committed)
[2015.10.31-19.58.32:178][  0]SourceControl: Info 	unreal_files/LaundryDay/Saved/Logs/LaundryDay-backup-2015.10.31-15.58.22.log
[2015.10.31-19.58.32:178][  0]SourceControl: Info no changes added to commit (use "git add" and/or "git commit -a")
[2015.10.31-19.58.32:178][  0]LogContentStreaming: Texture pool size now 1000 MB
[2015.10.31-19.58.32:840][  0]LogRenderer: Reallocating scene render targets to support 1052x576 (Frame:2).
[2015.10.31-19.58.33:390][  3]LogAssetRegistry: Asset discovery search completed in 8.6166 seconds
[2015.10.31-19.58.33:390][  3]LogCollectionManager: Rebuilt the object cache for 0 collections in 0.000001 seconds (found 0 objects)
[2015.10.31-19.58.33:390][  3]LogCollectionManager: Fixed up redirectors for 0 collections in 0.000017 seconds (updated 0 objects)
[2015.10.31-19.58.52:124][190]LogAIModule: Creating AISystem for world Level1_prototype
[2015.10.31-19.58.52:271][190]Cmd: MAP LOAD FILE="C:/Users/Michael/Documents/Unreal Projects/LaundryDay/unreal_files/LaundryDay/Content/Levels/Level1_prototype/Level1_prototype.umap" TEMPLATE=0 SHOWPROGRESS=1 FEATURELEVEL=3
[2015.10.31-19.58.52:271][190]LightingResults: New page: Lighting Build
[2015.10.31-19.58.52:295][190]LoadErrors: New page: Loading map: Level1_prototype.umap
[2015.10.31-19.58.52:295][190]MapCheck: New page: Map Check
[2015.10.31-19.58.52:295][190]LightingResults: New page: Lighting Build
[2015.10.31-19.58.52:304][190]LogParticles: Destroying 0 GPU particle simulations for FXSystem 0x000000143634B740
[2015.10.31-19.58.52:467][190]LogEditorServer: Finished looking for orphan Actors (0.000 secs)
[2015.10.31-19.58.52:545][190]Cmd: MAP CHECKDEP NOCLEARLOG
[2015.10.31-19.58.52:579][190]MapCheck: Info Map check complete: 0 Error(s), 0 Warning(s), took 34.335ms to complete.
[2015.10.31-19.58.52:579][190]LogFileHelpers: Loading map 'Level1_prototype' took 0.309
[2015.10.31-19.58.52:618][191]Cmd: UpdateLandscapeEditorData -warnings
[2015.10.31-19.58.52:755][191]Cmd: UpdateLandscapeEditorData
[2015.10.31-19.58.54:268][364]LogPlayLevel: PlayLevel: No blueprints needed recompiling
[2015.10.31-19.58.54:299][364]PIE: New page: PIE session: Level1_prototype (Oct 31, 2015, 11:58:54 AM)
[2015.10.31-19.58.54:299][364]LogPlayLevel: Creating play world package: /Game/Levels/Level1_prototype/UEDPIE_0_Level1_prototype
[2015.10.31-19.58.54:359][364]LogPlayLevel: PIE: StaticDuplicateObject took: (0.059551s)
[2015.10.31-19.58.54:359][364]LogAIModule: Creating AISystem for world Level1_prototype
[2015.10.31-19.58.54:360][364]LogPlayLevel: PIE: World Init took: (0.000529s)
[2015.10.31-19.58.54:360][364]LogPlayLevel: PIE: Created PIE world by copying editor world from /Game/Levels/Level1_prototype/Level1_prototype.Level1_prototype to /Game/Levels/Level1_prototype/UEDPIE_0_Level1_prototype.Level1_prototype (0.060365s)
[2015.10.31-19.58.54:389][364]LogInit: XAudio2 using 'Speakers (ASUS Xonar DG Audio Device)' : 2 channels at 44.1 kHz using 16 bits per sample (channel mask 0x3)
[2015.10.31-19.58.54:392][364]LogInit: FAudioDevice initialized.
[2015.10.31-19.58.54:912][364]LogWorld: Game class is 'MyGameMode_C'
[2015.10.31-19.58.55:026][364]LogWorld: Bringing World /Game/Levels/Level1_prototype/UEDPIE_0_Level1_prototype.Level1_prototype up for play (max tick rate 0) at 2015.10.31-15.58.55
[2015.10.31-19.58.55:026][364]LogActor:Warning: GameSession /Game/Levels/Level1_prototype/UEDPIE_0_Level1_prototype.Level1_prototype:PersistentLevel.GameSession_0 has natively added scene component(s), but none of them were set as the actor's RootComponent - picking one arbitrarily
[2015.10.31-19.58.55:027][364]LogActor:Warning: GameNetworkManager /Game/Levels/Level1_prototype/UEDPIE_0_Level1_prototype.Level1_prototype:PersistentLevel.GameNetworkManager_0 has natively added scene component(s), but none of them were set as the actor's RootComponent - picking one arbitrarily
[2015.10.31-19.58.55:113][364]LogWorld: Bringing up level for play took: 0.092195
[2015.10.31-19.58.55:335][364]PIE: Info Play in editor start time for /Game/Levels/Level1_prototype/UEDPIE_0_Level1_prototype 1.372
[2015.10.31-19.59.39:032][536]LogParticles: Destroying 0 GPU particle simulations for FXSystem 0x000000143643D260
[2015.10.31-19.59.41:945][865]LogWindowsTextInputMethodSystem:Display: IME system now deactivated.
[2015.10.31-19.59.42:257][866]Cmd: QUIT_EDITOR
[2015.10.31-19.59.43:399][866]LogExit: Preparing to exit.
[2015.10.31-19.59.43:776][866]LogExit: Editor shut down
[2015.10.31-19.59.43:777][866]LogExit: Transaction tracking system shut down
[2015.10.31-19.59.43:778][866]LogParticles: Destroying 0 GPU particle simulations for FXSystem 0x0000001435307920
[2015.10.31-19.59.43:778][866]LogParticles: Destroying 0 GPU particle simulations for FXSystem 0x000000145DA96CA0
[2015.10.31-19.59.43:780][866]LogParticles: Destroying 0 GPU particle simulations for FXSystem 0x0000001435295120
[2015.10.31-19.59.43:903][866]LogExit: Object subsystem successfully closed.
[2015.10.31-19.59.43:912][866]LogD3D11RHI: Shutdown
[2015.10.31-19.59.43:912][866]LogD3D11RHI: CleanupD3DDevice
[2015.10.31-19.59.43:943][866]LogD3D11RHI: ~FD3D11DynamicRHI
[2015.10.31-19.59.43:954][866]LogModuleManager: Shutting down and abandoning module CrashTracker (197)
[2015.10.31-19.59.43:954][866]LogModuleManager: Shutting down and abandoning module SceneOutliner (196)
[2015.10.31-19.59.43:968][866]LogModuleManager: Shutting down and abandoning module SuperSearch (195)
[2015.10.31-19.59.43:968][866]LogModuleManager: Shutting down and abandoning module WidgetCarousel (194)
[2015.10.31-19.59.43:968][866]LogModuleManager: Shutting down and abandoning module AddContentDialog (193)
[2015.10.31-19.59.43:979][866]LogModuleManager: Shutting down and abandoning module EditorWidgets (192)
[2015.10.31-19.59.43:979][866]LogModuleManager: Shutting down and abandoning module CollectionManager (191)
[2015.10.31-19.59.43:980][866]LogModuleManager: Shutting down and abandoning module StatsViewer (190)
[2015.10.31-19.59.43:980][866]LogModuleManager: Shutting down and abandoning module FoliageEdit (189)
[2015.10.31-19.59.43:980][866]LogModuleManager: Shutting down and abandoning module LandscapeEditor (188)
[2015.10.31-19.59.43:980][866]LogModuleManager: Shutting down and abandoning module ActorPickerMode (187)
[2015.10.31-19.59.43:980][866]LogModuleManager: Shutting down and abandoning module GeometryMode (186)
[2015.10.31-19.59.43:980][866]LogModuleManager: Shutting down and abandoning module TextureAlignMode (185)
[2015.10.31-19.59.43:980][866]LogModuleManager: Shutting down and abandoning module BspMode (184)
[2015.10.31-19.59.43:980][866]LogModuleManager: Shutting down and abandoning module PlacementMode (183)
[2015.10.31-19.59.43:980][866]LogModuleManager: Shutting down and abandoning module AutomationWorker (182)
[2015.10.31-19.59.43:980][866]LogModuleManager: Shutting down and abandoning module CharacterAI (181)
[2015.10.31-19.59.43:980][866]LogModuleManager: Shutting down and abandoning module SmartSnapping (180)
[2015.10.31-19.59.43:980][866]LogModuleManager: Shutting down and abandoning module ViewportSnapping (179)
[2015.10.31-19.59.43:980][866]LogModuleManager: Shutting down and abandoning module LogVisualizer (178)
[2015.10.31-19.59.43:980][866]LogModuleManager: Shutting down and abandoning module GameProjectGeneration (177)
[2015.10.31-19.59.43:980][866]LogModuleManager: Shutting down and abandoning module IntroTutorials (176)
[2015.10.31-19.59.43:992][866]LogModuleManager: Shutting down and abandoning module EditorLiveStreaming (175)
[2015.10.31-19.59.43:993][866]LogModuleManager: Shutting down and abandoning module IOSPlatformEditor (174)
[2015.10.31-19.59.43:993][866]LogModuleManager: Shutting down and abandoning module HTML5PlatformEditor (173)
[2015.10.31-19.59.43:993][866]LogModuleManager: Shutting down and abandoning module AndroidDeviceDetection (172)
[2015.10.31-19.59.44:437][866]LogModuleManager: Shutting down and abandoning module AndroidPlatformEditor (171)
[2015.10.31-19.59.44:437][866]LogModuleManager: Shutting down and abandoning module IOSRuntimeSettings (170)
[2015.10.31-19.59.44:437][866]LogModuleManager: Shutting down and abandoning module AndroidRuntimeSettings (169)
[2015.10.31-19.59.44:437][866]LogModuleManager: Shutting down and abandoning module MergeActors (168)
[2015.10.31-19.59.44:437][866]LogModuleManager: Shutting down and abandoning module SizeMap (167)
[2015.10.31-19.59.44:437][866]LogModuleManager: Shutting down and abandoning module TreeMap (166)
[2015.10.31-19.59.44:437][866]LogModuleManager: Shutting down and abandoning module ReferenceViewer (165)
[2015.10.31-19.59.44:437][866]LogModuleManager: Shutting down and abandoning module LocalizationService (164)
[2015.10.31-19.59.44:437][866]LogModuleManager: Shutting down and abandoning module LocalizationDashboard (163)
[2015.10.31-19.59.44:437][866]LogModuleManager: Shutting down and abandoning module HardwareTargeting (162)
[2015.10.31-19.59.44:437][866]LogModuleManager: Shutting down and abandoning module DeviceProfileEditor (161)
[2015.10.31-19.59.44:437][866]LogModuleManager: Shutting down and abandoning module UndoHistory (160)
[2015.10.31-19.59.44:437][866]LogModuleManager: Shutting down and abandoning module GameplayTagsEditor (159)
[2015.10.31-19.59.44:438][866]LogModuleManager: Shutting down and abandoning module UserFeedback (158)
[2015.10.31-19.59.44:438][866]LogModuleManager: Shutting down and abandoning module XmlParser (157)
[2015.10.31-19.59.44:438][866]LogModuleManager: Shutting down and abandoning module Blutility (156)
[2015.10.31-19.59.44:438][866]LogModuleManager: Shutting down and abandoning module ProjectTargetPlatformEditor (155)
[2015.10.31-19.59.44:438][866]LogModuleManager: Shutting down and abandoning module ProjectSettingsViewer (154)
[2015.10.31-19.59.44:438][866]LogModuleManager: Shutting down and abandoning module InputBindingEditor (153)
[2015.10.31-19.59.44:438][866]LogModuleManager: Shutting down and abandoning module EditorSettingsViewer (152)
[2015.10.31-19.59.44:438][866]LogModuleManager: Shutting down and abandoning module SettingsEditor (151)
[2015.10.31-19.59.44:439][866]LogModuleManager: Shutting down and abandoning module ProjectLauncher (150)
[2015.10.31-19.59.44:439][866]LogModuleManager: Shutting down and abandoning module SessionFrontend (149)
[2015.10.31-19.59.44:439][866]LogModuleManager: Shutting down and abandoning module ProfilerClient (148)
[2015.10.31-19.59.44:439][866]LogModuleManager: Shutting down and abandoning module TargetDeviceServices (147)
[2015.10.31-19.59.44:439][866]LogModuleManager: Shutting down and abandoning module DeviceManager (146)
[2015.10.31-19.59.44:439][866]LogModuleManager: Shutting down and abandoning module AutomationController (145)
[2015.10.31-19.59.44:439][866]LogModuleManager: Shutting down and abandoning module AutomationWindow (144)
[2015.10.31-19.59.44:439][866]LogModuleManager: Shutting down and abandoning module Layers (143)
[2015.10.31-19.59.44:439][866]LogModuleManager: Shutting down and abandoning module ComponentVisualizers (142)
[2015.10.31-19.59.44:439][866]LogModuleManager: Shutting down and abandoning module DetailCustomizations (141)
[2015.10.31-19.59.44:440][866]LogModuleManager: Shutting down and abandoning module PackagesDialog (140)
[2015.10.31-19.59.44:440][866]LogModuleManager: Shutting down and abandoning module Persona (139)
[2015.10.31-19.59.44:440][866]LogModuleManager: Shutting down and abandoning module Kismet (138)
[2015.10.31-19.59.44:440][866]LogModuleManager: Shutting down and abandoning module GraphEditor (137)
[2015.10.31-19.59.44:440][866]LogModuleManager: Shutting down and abandoning module ClassViewer (136)
[2015.10.31-19.59.44:440][866]LogModuleManager: Shutting down and abandoning module Toolbox (135)
[2015.10.31-19.59.44:440][866]LogModuleManager: Shutting down and abandoning module ModuleUI (134)
[2015.10.31-19.59.44:440][866]LogModuleManager: Shutting down and abandoning module MovieSceneTools (133)
[2015.10.31-19.59.44:440][866]LogModuleManager: Shutting down and abandoning module OutputLog (132)
[2015.10.31-19.59.44:440][866]LogModuleManager: Shutting down and abandoning module GammaUI (131)
[2015.10.31-19.59.44:440][866]LogModuleManager: Shutting down and abandoning module Documentation (130)
[2015.10.31-19.59.44:440][866]LogModuleManager: Shutting down and abandoning module GameLiveStreaming (129)
[2015.10.31-19.59.44:440][866]LogModuleManager: Shutting down and abandoning module StreamingPauseRendering (128)
[2015.10.31-19.59.44:440][866]LogModuleManager: Shutting down and abandoning module AnalyticsET (127)
[2015.10.31-19.59.44:440][866]LogModuleManager: Shutting down and abandoning module Analytics (126)
[2015.10.31-19.59.44:441][866]LogModuleManager: Shutting down and abandoning module AITestSuite (125)
[2015.10.31-19.59.44:441][866]LogModuleManager: Shutting down and abandoning module GameplayDebugger (124)
[2015.10.31-19.59.44:441][866]LogModuleManager: Shutting down and abandoning module AIModule (123)
[2015.10.31-19.59.44:441][866]LogModuleManager: Shutting down and abandoning module ProfilerService (122)
[2015.10.31-19.59.44:473][866]LogModuleManager: Shutting down and abandoning module TaskGraph (121)
[2015.10.31-19.59.44:473][866]LogModuleManager: Shutting down and abandoning module SlateRemote (120)
[2015.10.31-19.59.44:473][866]LogModuleManager: Shutting down and abandoning module SteamVRController (119)
[2015.10.31-19.59.44:473][866]LogModuleManager: Shutting down and abandoning module SteamVR (118)
[2015.10.31-19.59.44:473][866]LogModuleManager: Shutting down and abandoning module ProceduralMeshComponent (117)
[2015.10.31-19.59.44:473][866]LogModuleManager: Shutting down and abandoning module OculusRift (116)
[2015.10.31-19.59.44:473][866]LogModuleManager: Shutting down and abandoning module OculusLibrary (115)
[2015.10.31-19.59.44:473][866]LogModuleManager: Shutting down and abandoning module LeapMotionController (114)
[2015.10.31-19.59.44:504][866]LogModuleManager: Shutting down and abandoning module CustomMeshComponent (113)
[2015.10.31-19.59.44:504][866]LogModuleManager: Shutting down and abandoning module CableComponent (112)
[2015.10.31-19.59.44:504][866]LogModuleManager: Shutting down and abandoning module ArchVisCharacter (111)
[2015.10.31-19.59.44:504][866]LogModuleManager: Shutting down and abandoning module MessagingDebugger (110)
[2015.10.31-19.59.44:504][866]LogModuleManager: Shutting down and abandoning module MediaPlayerEditor (109)
[2015.10.31-19.59.44:504][866]LogModuleManager: Shutting down and abandoning module HTML5Networking (108)
[2015.10.31-19.59.44:504][866]LogModuleManager: Shutting down and abandoning module SpeedTreeImporter (107)
[2015.10.31-19.59.44:504][866]LogModuleManager: Shutting down and abandoning module PluginBrowser (106)
[2015.10.31-19.59.44:504][866]LogModuleManager: Shutting down and abandoning module EpicSurvey (105)
[2015.10.31-19.59.44:504][866]LogModuleManager: Shutting down and abandoning module DesktopPlatform (104)
[2015.10.31-19.59.44:504][866]LogModuleManager: Shutting down and abandoning module VisualStudioSourceCodeAccess (103)
[2015.10.31-19.59.44:504][866]LogModuleManager: Shutting down and abandoning module UObjectPlugin (102)
[2015.10.31-19.59.44:504][866]LogModuleManager: Shutting down and abandoning module SubversionSourceControl (101)
[2015.10.31-19.59.44:504][866]LogModuleManager: Shutting down and abandoning module PerforceSourceControl (100)
[2015.10.31-19.59.44:504][866]LogModuleManager: Shutting down and abandoning module SourceControl (99)
[2015.10.31-19.59.44:504][866]LogModuleManager: Shutting down and abandoning module GitSourceControl (98)
[2015.10.31-19.59.44:504][866]LogModuleManager: Shutting down and abandoning module LightPropagationVolumeEditor (97)
[2015.10.31-19.59.44:504][866]LogModuleManager: Shutting down and abandoning module PaperTiledImporter (96)
[2015.10.31-19.59.44:504][866]LogModuleManager: Shutting down and abandoning module PaperSpriteSheetImporter (95)
[2015.10.31-19.59.44:504][866]LogModuleManager: Shutting down and abandoning module MeshPaint (94)
[2015.10.31-19.59.44:504][866]LogModuleManager: Shutting down and abandoning module SlateReflector (93)
[2015.10.31-19.59.44:504][866]LogModuleManager: Shutting down and abandoning module HotReload (92)
[2015.10.31-19.59.44:504][866]LogModuleManager: Shutting down and abandoning module MainFrame (91)
[2015.10.31-19.59.44:504][866]LogModuleManager: Shutting down and abandoning module LevelEditor (90)
[2015.10.31-19.59.44:505][866]LogModuleManager: Shutting down and abandoning module DirectoryWatcher (89)
[2015.10.31-19.59.44:506][866]LogModuleManager: Shutting down and abandoning module AssetRegistry (88)
[2015.10.31-19.59.44:581][866]LogModuleManager: Shutting down and abandoning module ContentBrowser (87)
[2015.10.31-19.59.44:582][866]LogModuleManager: Shutting down and abandoning module Paper2DEditor (86)
[2015.10.31-19.59.44:582][866]LogModuleManager: Shutting down and abandoning module UdpMessaging (85)
[2015.10.31-19.59.44:683][866]LogModuleManager: Shutting down and abandoning module LightPropagationVolumeRuntime (84)
[2015.10.31-19.59.44:683][866]LogModuleManager: Shutting down and abandoning module Paper2D (83)
[2015.10.31-19.59.44:683][866]LogModuleManager: Shutting down and abandoning module WindowsMoviePlayer (82)
[2015.10.31-19.59.44:689][866]LogModuleManager: Shutting down and abandoning module Media (81)
[2015.10.31-19.59.44:689][866]LogModuleManager: Shutting down and abandoning module WmfMedia (80)
[2015.10.31-19.59.44:689][866]LogModuleManager: Shutting down and abandoning module OnlineBlueprintSupport (79)
[2015.10.31-19.59.44:689][866]LogModuleManager: Shutting down and abandoning module GameplayTasksEditor (78)
[2015.10.31-19.59.44:689][866]LogModuleManager: Shutting down and abandoning module PropertyEditor (77)
[2015.10.31-19.59.44:689][866]LogModuleManager: Shutting down and abandoning module BehaviorTreeEditor (76)
[2015.10.31-19.59.44:689][866]LogModuleManager: Shutting down and abandoning module FunctionalTesting (75)
[2015.10.31-19.59.44:689][866]LogModuleManager: Shutting down and abandoning module CollisionAnalyzer (74)
[2015.10.31-19.59.44:689][866]LogModuleManager: Shutting down and abandoning module WorkspaceMenuStructure (73)
[2015.10.31-19.59.44:689][866]LogModuleManager: Shutting down and abandoning module MessageLog (72)
[2015.10.31-19.59.44:689][866]LogModuleManager: Shutting down and abandoning module Sequencer (71)
[2015.10.31-19.59.44:689][866]LogModuleManager: Shutting down and abandoning module AssetTools (70)
[2015.10.31-19.59.44:690][866]LogModuleManager: Shutting down and abandoning module UMGEditor (69)
[2015.10.31-19.59.44:690][866]LogModuleManager: Shutting down and abandoning module UMG (68)
[2015.10.31-19.59.44:690][866]LogModuleManager: Shutting down and abandoning module Slate (67)
[2015.10.31-19.59.44:690][866]LogModuleManager: Shutting down and abandoning module EditorStyle (66)
[2015.10.31-19.59.44:694][866]LogModuleManager: Shutting down and abandoning module SessionServices (65)
[2015.10.31-19.59.44:694][866]LogModuleManager: Shutting down and abandoning module SourceCodeAccess (64)
[2015.10.31-19.59.44:694][866]LogModuleManager: Shutting down and abandoning module HeadMountedDisplay (63)
[2015.10.31-19.59.44:694][866]LogModuleManager: Shutting down and abandoning module XAudio2 (62)
[2015.10.31-19.59.44:694][866]LogModuleManager: Shutting down and abandoning module Networking (60)
[2015.10.31-19.59.44:694][866]LogModuleManager: Shutting down and abandoning module Core (59)
[2015.10.31-19.59.44:694][866]LogModuleManager: Shutting down and abandoning module KismetCompiler (58)
[2015.10.31-19.59.44:694][866]LogModuleManager: Shutting down and abandoning module PhysXFormats (57)
[2015.10.31-19.59.44:694][866]LogModuleManager: Shutting down and abandoning module MeshUtilities (56)
[2015.10.31-19.59.44:694][866]LogModuleManager: Shutting down and abandoning module CookingStats (55)
[2015.10.31-19.59.44:695][866]LogModuleManager: Shutting down and abandoning module DerivedDataCache (54)
[2015.10.31-19.59.44:844][866]LogDerivedDataCache: Shutdown
[2015.10.31-19.59.44:844][866]LogModuleManager: Shutting down and abandoning module ShaderFormatOpenGL (53)
[2015.10.31-19.59.44:844][866]LogModuleManager: Shutting down and abandoning module ShaderFormatD3D (52)
[2015.10.31-19.59.44:844][866]LogModuleManager: Shutting down and abandoning module MetalShaderFormat (51)
[2015.10.31-19.59.44:844][866]LogModuleManager: Shutting down and abandoning module TextureFormatUncompressed (50)
[2015.10.31-19.59.44:844][866]LogModuleManager: Shutting down and abandoning module TextureFormatPVR (49)
[2015.10.31-19.59.44:844][866]LogModuleManager: Shutting down and abandoning module TextureFormatIntelISPCTexComp (48)
[2015.10.31-19.59.44:844][866]LogModuleManager: Shutting down and abandoning module TextureFormatDXT (47)
[2015.10.31-19.59.44:844][866]LogModuleManager: Shutting down and abandoning module ImageWrapper (46)
[2015.10.31-19.59.44:844][866]LogModuleManager: Shutting down and abandoning module TextureFormatASTC (45)
[2015.10.31-19.59.44:844][866]LogModuleManager: Shutting down and abandoning module TextureFormatAndroid (44)
[2015.10.31-19.59.44:845][866]LogModuleManager: Shutting down and abandoning module AudioFormatOpus (43)
[2015.10.31-19.59.44:845][866]LogModuleManager: Shutting down and abandoning module AudioFormatOgg (42)
[2015.10.31-19.59.44:845][866]LogModuleManager: Shutting down and abandoning module AudioFormatADPCM (41)
[2015.10.31-19.59.44:845][866]LogModuleManager: Shutting down and abandoning module LinuxTargetPlatform (40)
[2015.10.31-19.59.44:845][866]LogModuleManager: Shutting down and abandoning module LinuxServerTargetPlatform (39)
[2015.10.31-19.59.44:845][866]LogModuleManager: Shutting down and abandoning module LinuxNoEditorTargetPlatform (38)
[2015.10.31-19.59.44:845][866]LogModuleManager: Shutting down and abandoning module Messaging (37)
[2015.10.31-19.59.44:845][866]LogModuleManager: Shutting down and abandoning module IOSTargetPlatform (36)
[2015.10.31-19.59.44:845][866]LogModuleManager: Shutting down and abandoning module HTML5TargetPlatform (35)
[2015.10.31-19.59.44:845][866]LogModuleManager: Shutting down and abandoning module Android_PVRTCTargetPlatform (34)
[2015.10.31-19.59.44:845][866]LogModuleManager: Shutting down and abandoning module Android_ETC2TargetPlatform (33)
[2015.10.31-19.59.44:845][866]LogModuleManager: Shutting down and abandoning module Android_ETC1TargetPlatform (32)
[2015.10.31-19.59.44:845][866]LogModuleManager: Shutting down and abandoning module Android_DXTTargetPlatform (31)
[2015.10.31-19.59.44:845][866]LogModuleManager: Shutting down and abandoning module Android_ATCTargetPlatform (30)
[2015.10.31-19.59.44:845][866]LogModuleManager: Shutting down and abandoning module Android_ASTCTargetPlatform (29)
[2015.10.31-19.59.44:845][866]LogModuleManager: Shutting down and abandoning module AndroidTargetPlatform (28)
[2015.10.31-19.59.44:845][866]LogModuleManager: Shutting down and abandoning module WindowsTargetPlatform (27)
[2015.10.31-19.59.44:845][866]LogModuleManager: Shutting down and abandoning module WindowsServerTargetPlatform (26)
[2015.10.31-19.59.44:845][866]LogModuleManager: Shutting down and abandoning module WindowsNoEditorTargetPlatform (25)
[2015.10.31-19.59.44:845][866]LogModuleManager: Shutting down and abandoning module WindowsClientTargetPlatform (24)
[2015.10.31-19.59.44:845][866]LogModuleManager: Shutting down and abandoning module AllDesktopTargetPlatform (23)
[2015.10.31-19.59.44:845][866]LogModuleManager: Shutting down and abandoning module TargetPlatform (22)
[2015.10.31-19.59.44:845][866]LogModuleManager: Shutting down and abandoning module InputCore (21)
[2015.10.31-19.59.44:845][866]LogModuleManager: Shutting down and abandoning module Settings (20)
[2015.10.31-19.59.44:845][866]LogModuleManager: Shutting down and abandoning module OnlineSubsystem (18)
[2015.10.31-19.59.44:846][866]LogModuleManager: Shutting down and abandoning module HTTP (17)
[2015.10.31-19.59.45:847][866]LogModuleManager: Shutting down and abandoning module XMPP (16)
[2015.10.31-19.59.45:847][866]LogModuleManager: Shutting down and abandoning module ExampleDeviceProfileSelector (15)
[2015.10.31-19.59.45:847][866]LogModuleManager: Shutting down and abandoning module TextureCompressor (14)
[2015.10.31-19.59.45:847][866]LogModuleManager: Shutting down and abandoning module ShaderCore (13)
[2015.10.31-19.59.45:847][866]LogModuleManager: Shutting down and abandoning module Landscape (12)
[2015.10.31-19.59.45:847][866]LogModuleManager: Shutting down and abandoning module SlateRHIRenderer (11)
[2015.10.31-19.59.45:847][866]LogModuleManager: Shutting down and abandoning module OpenGLDrv (10)
[2015.10.31-19.59.45:847][866]LogModuleManager: Shutting down and abandoning module D3D11RHI (9)
[2015.10.31-19.59.45:847][866]LogModuleManager: Shutting down and abandoning module AnimGraphRuntime (8)
[2015.10.31-19.59.45:847][866]LogModuleManager: Shutting down and abandoning module Renderer (7)
[2015.10.31-19.59.45:847][866]LogModuleManager: Shutting down and abandoning module Engine (6)
[2015.10.31-19.59.45:847][866]LogModuleManager: Shutting down and abandoning module CoreUObject (5)
[2015.10.31-19.59.45:847][866]LogModuleManager: Shutting down and abandoning module NetworkFile (4)
[2015.10.31-19.59.45:847][866]LogModuleManager: Shutting down and abandoning module StreamingFile (3)
[2015.10.31-19.59.45:847][866]LogModuleManager: Shutting down and abandoning module SandboxFile (2)
[2015.10.31-19.59.45:847][866]LogModuleManager: Shutting down and abandoning module PakFile (1)
[2015.10.31-19.59.45:848][866]LogExit: Exiting.
[2015.10.31-19.59.45:849][866]Log file closed, 10/31/15 15:59:45
