[2015.11.02-04.31.47:641][  0]Log file open, 11/01/15 23:31:47
[2015.11.02-04.31.47:641][  0]LogInit:Display: Running engine for game: LaundryDay
[2015.11.02-04.31.47:641][  0]LogInit:Display: RandInit(-519633122) SRandInit(-519633120).
[2015.11.02-04.31.47:641][  0]LogTaskGraph: Started task graph with 4 named threads and 7 total threads.
[2015.11.02-04.31.47:641][  0]LogStats: Stats thread started at 0.144349
[2015.11.02-04.31.47:641][  0]LogInit: Version: 4.9.2-2707645+++depot+UE4-Releases+4.9
[2015.11.02-04.31.47:641][  0]LogInit: API Version: 2672455
[2015.11.02-04.31.47:641][  0]LogInit: Compiled (64-bit): Sep 28 2015 10:25:44
[2015.11.02-04.31.47:641][  0]LogInit: Compiled with Visual C++: 18.00.21005.01
[2015.11.02-04.31.47:641][  0]LogInit: Build Configuration: Development
[2015.11.02-04.31.47:641][  0]LogInit: Branch Name: ++depot+UE4-Releases+4.9
[2015.11.02-04.31.47:641][  0]LogInit: Command line: 
[2015.11.02-04.31.47:641][  0]LogInit: Base directory: C:/Program Files/Epic Games/4.9/Engine/Binaries/Win64/
[2015.11.02-04.31.47:641][  0]LogInit: Rocket: 1
[2015.11.02-04.31.47:654][  0]LogInit: Using libcurl 7.41.0
[2015.11.02-04.31.47:654][  0]LogInit:  - built for x86_64-pc-win32
[2015.11.02-04.31.47:654][  0]LogInit:  - supports SSL with WinSSL
[2015.11.02-04.31.47:654][  0]LogInit:  - other features:
[2015.11.02-04.31.47:655][  0]LogInit:      CURL_VERSION_SSL
[2015.11.02-04.31.47:655][  0]LogInit:      CURL_VERSION_IPV6
[2015.11.02-04.31.47:655][  0]LogInit:      CURL_VERSION_ASYNCHDNS
[2015.11.02-04.31.47:655][  0]LogInit:      CURL_VERSION_LARGEFILE
[2015.11.02-04.31.47:655][  0]LogInit:      CURL_VERSION_IDN
[2015.11.02-04.31.47:655][  0]LogInit:  CurlRequestOptions (configurable via config and command line):
[2015.11.02-04.31.47:655][  0]LogInit:  - bVerifyPeer = true  - Libcurl will verify peer certificate
[2015.11.02-04.31.47:655][  0]LogInit:  - bUseHttpProxy = false  - Libcurl will NOT use HTTP proxy
[2015.11.02-04.31.47:655][  0]LogInit:  - bDontReuseConnections = false  - Libcurl will reuse connections
[2015.11.02-04.31.47:655][  0]LogInit:  - CertBundlePath = nullptr  - Libcurl will use whatever was configured at build time.
[2015.11.02-04.31.47:671][  0]LogInit: Presizing for 0 objects not considered by GC, pre-allocating 0 bytes.
[2015.11.02-04.31.47:682][  0]LogInit: Object subsystem initialized
[2015.11.02-04.31.47:685][  0]LogInit: Selected Device Profile: [Windows]
[2015.11.02-04.31.47:685][  0]LogInit: Applying CVar settings loaded from the selected device profile: [Windows]
[2015.11.02-04.31.47:696][  0]LogInit: Computer: NEXUS
[2015.11.02-04.31.47:696][  0]LogInit: User: Jorge
[2015.11.02-04.31.47:696][  0]LogInit: CPU Page size=4096, Cores=4
[2015.11.02-04.31.47:696][  0]LogInit: High frequency timer resolution =2.435781 MHz
[2015.11.02-04.31.47:696][  0]LogMemory: Memory total: Physical=15.9GB (16GB approx)
[2015.11.02-04.31.47:696][  0]LogMemory: Platform Memory Stats for Windows
[2015.11.02-04.31.47:696][  0]LogMemory: Process Physical Memory: 52.25 MB used, 52.25 MB peak
[2015.11.02-04.31.47:696][  0]LogMemory: Process Virtual Memory: 56.93 MB used, 56.93 MB peak
[2015.11.02-04.31.47:696][  0]LogMemory: Physical Memory: 3525.13 MB used, 16307.27 MB total
[2015.11.02-04.31.47:696][  0]LogMemory: Virtual Memory: 352.52 MB used, 134217728.00 MB total
[2015.11.02-04.31.47:747][  0]LogTextLocalizationManager: No specific translations for ('en-US') exist, so ('en') translations will be used.
[2015.11.02-04.31.49:327][  0]LogD3D11RHI: Found D3D11 adapter 0: NVIDIA GeForce GTX 860M  (Feature Level 11_0)
[2015.11.02-04.31.49:327][  0]LogD3D11RHI: Adapter has 1972MB of dedicated video memory, 0MB of dedicated system memory, and 2048MB of shared system memory, 1 output[s]
[2015.11.02-04.31.49:339][  0]LogD3D11RHI: Found D3D11 adapter 1: Intel(R) HD Graphics 4600 (Feature Level 11_0)
[2015.11.02-04.31.49:339][  0]LogD3D11RHI: Adapter has 0MB of dedicated video memory, 0MB of dedicated system memory, and 1792MB of shared system memory, 0 output[s]
[2015.11.02-04.31.49:341][  0]LogD3D11RHI: Found D3D11 adapter 2: Microsoft Basic Render Driver (Feature Level 11_0)
[2015.11.02-04.31.49:341][  0]LogD3D11RHI: Adapter has 0MB of dedicated video memory, 0MB of dedicated system memory, and 256MB of shared system memory, 0 output[s]
[2015.11.02-04.31.49:341][  0]LogD3D11RHI: Chosen D3D11 Adapter Id = 0
[2015.11.02-04.31.49:350][  0]LogD3D11RHI: !Direct3DDevice
[2015.11.02-04.31.49:350][  0]LogRHI: Texture pool is 1361 MB (70% of 1945 MB)
[2015.11.02-04.31.49:367][  0]LogD3D11RHI: Async texture creation enabled
[2015.11.02-04.31.49:389][  0]LogShaderCompilers: Guid format shader working directory is 14 characters bigger than the processId version (../../../../../../Users/Jorge/Documents/GitHub/LaundryDay/unreal_files/LaundryDay/Intermediate/Shaders/WorkingDirectory/11400/).
[2015.11.02-04.31.49:389][  0]LogShaderCompilers: Cleaned the shader compiler working directory '../../../../../../Users/Jorge/Documents/GitHub/LaundryDay/unreal_files/LaundryDay/Intermediate/Shaders/tmp/B382A13B4D9E8A844D40689955CA2A4D/'.
[2015.11.02-04.31.49:389][  0]LogShaderCompilers:Display: Using Local Shader Compiler.
[2015.11.02-04.31.52:197][  0]LogTemp:Display: Loaded TP AllDesktopTargetPlatform
[2015.11.02-04.31.52:202][  0]LogTemp:Display: Loaded TP WindowsClientTargetPlatform
[2015.11.02-04.31.52:213][  0]LogTemp:Display: Loaded TP WindowsNoEditorTargetPlatform
[2015.11.02-04.31.52:228][  0]LogTemp:Display: Loaded TP WindowsServerTargetPlatform
[2015.11.02-04.31.52:243][  0]LogTemp:Display: Loaded TP WindowsTargetPlatform
[2015.11.02-04.31.52:254][  0]LogTemp:Display: Loaded TP AndroidTargetPlatform
[2015.11.02-04.31.52:266][  0]LogTemp:Display: Loaded TP Android_ASTCTargetPlatform
[2015.11.02-04.31.52:275][  0]LogTemp:Display: Loaded TP Android_ATCTargetPlatform
[2015.11.02-04.31.52:287][  0]LogTemp:Display: Loaded TP Android_DXTTargetPlatform
[2015.11.02-04.31.52:298][  0]LogTemp:Display: Loaded TP Android_ETC1TargetPlatform
[2015.11.02-04.31.52:307][  0]LogTemp:Display: Loaded TP Android_ETC2TargetPlatform
[2015.11.02-04.31.52:320][  0]LogTemp:Display: Loaded TP Android_PVRTCTargetPlatform
[2015.11.02-04.31.52:320][  0]LogTemp:Display: Loaded TP HTML5TargetPlatform
[2015.11.02-04.31.52:348][  0]LogTemp:Display: Loaded TP IOSTargetPlatform
[2015.11.02-04.31.52:354][  0]LogTemp:Display: Loaded TP LinuxNoEditorTargetPlatform
[2015.11.02-04.31.52:366][  0]LogTemp:Display: Loaded TP LinuxServerTargetPlatform
[2015.11.02-04.31.52:375][  0]LogTemp:Display: Loaded TP LinuxTargetPlatform
[2015.11.02-04.31.52:375][  0]LogTargetPlatformManager:Display: Building Assets For Windows
[2015.11.02-04.31.52:485][  0]LogDerivedDataCache:Display: Max Cache Size: 512 MB
[2015.11.02-04.31.52:580][  0]LogDerivedDataCache: Loaded boot cache 0.10s 41MB C:/Users/Jorge/AppData/Local/UnrealEngine/4.9/DerivedDataCache/Boot.ddc.
[2015.11.02-04.31.52:580][  0]LogDerivedDataCache:Display: Loaded Boot cache: C:/Users/Jorge/AppData/Local/UnrealEngine/4.9/DerivedDataCache/Boot.ddc
[2015.11.02-04.31.52:580][  0]LogDerivedDataCache: FDerivedDataBackendGraph:  Pak pak cache file ../../../../../../Users/Jorge/Documents/GitHub/LaundryDay/unreal_files/LaundryDay/DerivedDataCache/DDC.ddp not found, will not use a pak cache.
[2015.11.02-04.31.52:580][  0]LogDerivedDataCache: Unable to find inner node Pak for hierarchical cache Hierarchy.
[2015.11.02-04.31.52:581][  0]LogDerivedDataCache: FDerivedDataBackendGraph:  CompressedPak pak cache file ../../../../../../Users/Jorge/Documents/GitHub/LaundryDay/unreal_files/LaundryDay/DerivedDataCache/Compressed.ddp not found, will not use a pak cache.
[2015.11.02-04.31.52:581][  0]LogDerivedDataCache: Unable to find inner node CompressedPak for hierarchical cache Hierarchy.
[2015.11.02-04.31.52:933][  0]LogDerivedDataCache:Display: Pak cache opened for reading ../../../Engine/DerivedDataCache/Compressed.ddp.
[2015.11.02-04.31.52:945][  0]LogDerivedDataCache: Using Local data cache path C:/Users/Jorge/AppData/Local/UnrealEngine/Common/DerivedDataCache: Writable
[2015.11.02-04.31.53:235][  0]LogInit: Selected Device Profile: [Windows]
[2015.11.02-04.31.53:238][  0]LogContentStreaming: Texture pool size is 0.000000MB
[2015.11.02-04.31.53:511][  0]LogMeshUtilities: No automatic mesh reduction module available
[2015.11.02-04.31.53:511][  0]LogMeshUtilities: No automatic mesh merging module available
[2015.11.02-04.31.54:221][  0]LogInit: WinSock: version 1.1 (2.2), MaxSocks=32767, MaxUdp=65467
[2015.11.02-04.31.55:536][  0]UdpMessaging: Initializing bridge on interface 0.0.0.0:0 to multicast group 230.0.0.1:6666.
[2015.11.02-04.31.55:536][  0]FUdpSocketBuilder: Failed to create the socket UdpMessageMulticastSocket as configured
[2015.11.02-04.31.55:536][  0]UdpMessageTransport.StartTransport: Failed to create multicast socket on 0.0.0.0:0, joined to 230.0.0.1:6666 with TTL 1
[2015.11.02-04.31.55:641][  0]LogAssetRegistry: FAssetRegistry took 0.0106 seconds to start up
[2015.11.02-04.31.56:004][  0]SourceControl: Info Source control is disabled
[2015.11.02-04.31.56:423][  0]LogLinker:Warning: Asset '../../../Engine/Plugins/Runtime/LeapMotionController/Content/LM_PassthroughMaterial.uasset' has been saved with empty engine version. The asset will be loaded but may be incompatible.
[2015.11.02-04.31.56:635][  0]LogObj: 28361 objects as part of root set at end of initial load.
[2015.11.02-04.31.56:635][  0]LogUObjectAllocator: 6038864 out of 0 bytes used by permanent object pool.
[2015.11.02-04.31.56:782][  0]LogEngine: Initializing Engine...
[2015.11.02-04.31.56:790][  0]LogHMD: Can't find Oculus library dev build: is proper Runtime installed? Version: 0.7.0.0
[2015.11.02-04.31.56:790][  0]LogHMD: SteamVR failed to initialize.  Err: 110
[2015.11.02-04.31.57:149][  0]LogAIModule: Creating AISystem for world NewWorld
[2015.11.02-04.31.57:152][  0]LogInit: XAudio2 using 'Speakers (Realtek High Definition Audio)' : 2 channels at 48 kHz using 32 bits per sample (channel mask 0x3)
[2015.11.02-04.31.57:181][  0]LogInit: FAudioDevice initialized.
[2015.11.02-04.31.57:237][  0]LogDerivedDataCache: Saved boot cache 0.06s 41MB C:/Users/Jorge/AppData/Local/UnrealEngine/4.9/DerivedDataCache/Boot.ddc.
[2015.11.02-04.31.57:244][  0]LogInit: Texture streaming: Enabled
[2015.11.02-04.31.57:264][  0]LogAnalytics: Creating configured Analytics provider AnalyticsET
[2015.11.02-04.31.57:264][  0]LogAnalytics: [UEEditor.Rocket.Release] APIServer = http://et2.epicgames.com/ET2/. AppVersion = 4.9.2-2707645+++depot+UE4-Releases+4.9
[2015.11.02-04.31.57:264][  0]LogAnalytics: [UEEditor.Rocket.Release] SetUserId a0ef11d74200065351c066981aa84a39|16829681b2c347e68164ad454e8bf1ad|3b738b7a-8330-42d1-9b8f-978d8550bce8
[2015.11.02-04.31.57:264][  0]LogAnalytics: [UEEditor.Rocket.Release] AnalyticsET::StartSession
[2015.11.02-04.31.57:306][  0]LogInit: Transaction tracking system initialized
[2015.11.02-04.31.57:391][  0]BlueprintLog: New page: Editor Load
[2015.11.02-04.31.57:589][  0]LocalizationService: Info Localization service is disabled
[2015.11.02-04.31.57:759][  0]LogConsoleResponse:Display: 
[2015.11.02-04.31.58:002][  0]LogFileCache: Scanning file cache for directory 'C:/Users/Jorge/Documents/GitHub/LaundryDay/unreal_files/LaundryDay/Content/' took 0.01s
[2015.11.02-04.31.58:002][  0]LogCook:Display: Done creating registry. It took  0.00s.
[2015.11.02-04.31.58:154][  0]Cmd: MAP LOAD FILE="../../../Engine/Content/Maps/Templates/Template_Default.umap" TEMPLATE=1 SHOWPROGRESS=1 FEATURELEVEL=3
[2015.11.02-04.31.58:156][  0]LightingResults: New page: Lighting Build
[2015.11.02-04.31.58:163][  0]MapCheck: New page: Map Check
[2015.11.02-04.31.58:163][  0]LightingResults: New page: Lighting Build
[2015.11.02-04.31.58:185][  0]LogParticles: Destroying 0 GPU particle simulations for FXSystem 0x0000000E97F5A160
[2015.11.02-04.31.58:844][  0]LogAIModule: Creating AISystem for world Untitled_1
[2015.11.02-04.31.58:856][  0]LogEditorServer: Finished looking for orphan Actors (0.000 secs)
[2015.11.02-04.31.58:874][  0]Cmd: MAP CHECKDEP NOCLEARLOG
[2015.11.02-04.31.58:927][  0]MapCheck: Info Map check complete: 0 Error(s), 0 Warning(s), took 52.391ms to complete.
[2015.11.02-04.31.58:927][  0]LogFileHelpers: Loading map 'Template_Default' took 0.772
[2015.11.02-04.31.59:155][  0]LogCollectionManager: Loaded 0 collections in 0.006495 seconds
[2015.11.02-04.31.59:225][  0]LogFileCache: Scanning file cache for directory 'C:/Users/Jorge/Documents/GitHub/LaundryDay/unreal_files/LaundryDay/Saved/Collections/' took 0.01s
[2015.11.02-04.31.59:225][  0]LogFileCache: Scanning file cache for directory 'C:/Users/Jorge/Documents/GitHub/LaundryDay/unreal_files/LaundryDay/Content/Developers/Jorge/Collections/' took 0.01s
[2015.11.02-04.31.59:225][  0]LogFileCache: Scanning file cache for directory 'C:/Users/Jorge/Documents/GitHub/LaundryDay/unreal_files/LaundryDay/Content/Collections/' took 0.01s
[2015.11.02-04.31.59:225][  0]LogContentBrowser: Native class hierarchy populated in 0.0203 seconds. Added 1867 classes and 333 folders.
[2015.11.02-04.31.59:252][  0]LogCollectionManager: Rebuilt the GUID cache for 0 collections in 0.000008 seconds
[2015.11.02-04.31.59:280][  0]LogContentBrowser: Native class hierarchy updated for 'WidgetCarousel' in 0.0011 seconds. Added 0 classes and 0 folders.
[2015.11.02-04.31.59:485][  0]LogContentBrowser: Native class hierarchy updated for 'AddContentDialog' in 0.0009 seconds. Added 0 classes and 0 folders.
[2015.11.02-04.31.59:508][  0]LogContentBrowser: Native class hierarchy updated for 'SceneOutliner' in 0.0011 seconds. Added 1 classes and 2 folders.
[2015.11.02-04.31.59:606][  0]LogCrashTracker: Crashtracker disabled due to settings.
[2015.11.02-04.31.59:620][  0]LogUObjectGlobals:Warning: Failed to find object 'Class None.'
[2015.11.02-04.31.59:645][  0]LogLoad: Full Startup: 13.04 seconds (BP compile: 0.09 seconds)
[2015.11.02-04.31.59:817][  0]LogContentStreaming: Texture pool size now 1000 MB
[2015.11.02-04.32.00:192][  2]LogRenderer: Reallocating scene render targets to support 1044x504 (Frame:2).
[2015.11.02-04.32.02:164][ 11]LogAssetRegistry: Asset discovery search completed in 6.5341 seconds
[2015.11.02-04.32.02:164][ 11]LogCollectionManager: Rebuilt the object cache for 0 collections in 0.000002 seconds (found 0 objects)
[2015.11.02-04.32.02:164][ 11]LogCollectionManager: Fixed up redirectors for 0 collections in 0.000071 seconds (updated 0 objects)
[2015.11.02-04.33.40:605][729]LogMaterial: Missing cached shader map for material floor, compiling. 
[2015.11.02-04.33.40:780][729]LogTexture:Display: Building textures: Texture2D_213 (BGRA8)
[2015.11.02-04.33.40:803][729]LogMaterial: Missing cached shader map for material wood, compiling. 
[2015.11.02-04.33.40:829][729]LogMaterial: Missing cached shader map for material wall, compiling. 
[2015.11.02-04.33.40:857][729]LogMaterial: Missing cached shader map for material red, compiling. 
[2015.11.02-04.33.40:881][729]LogAIModule: Creating AISystem for world Level1_prototype
[2015.11.02-04.33.40:981][729]Cmd: MAP LOAD FILE="../../../../../../Users/Jorge/Documents/GitHub/LaundryDay/unreal_files/LaundryDay/Content/Levels/Level1_prototype/Level1_prototype.umap" TEMPLATE=0 SHOWPROGRESS=1 FEATURELEVEL=3
[2015.11.02-04.33.40:982][729]LightingResults: New page: Lighting Build
[2015.11.02-04.33.41:041][729]LoadErrors: New page: Loading map: Level1_prototype.umap
[2015.11.02-04.33.41:041][729]MapCheck: New page: Map Check
[2015.11.02-04.33.41:042][729]LightingResults: New page: Lighting Build
[2015.11.02-04.33.41:075][729]LogParticles: Destroying 0 GPU particle simulations for FXSystem 0x0000000E89D3FC40
[2015.11.02-04.33.41:092][729]LogEditorServer: Finished looking for orphan Actors (0.000 secs)
[2015.11.02-04.33.41:187][729]Cmd: MAP CHECKDEP NOCLEARLOG
[2015.11.02-04.33.41:343][729]MapCheck: Info Map check complete: 0 Error(s), 0 Warning(s), took 156.436ms to complete.
[2015.11.02-04.33.41:344][729]LogFileHelpers: Loading map 'Level1_prototype' took 0.366
[2015.11.02-04.33.41:411][730]Cmd: UpdateLandscapeEditorData -warnings
[2015.11.02-04.33.41:417][730]Cmd: UpdateLandscapeEditorData
[2